<?xml version="1.0" encoding="UTF-8"?>
<testsuite xmlns:xsi="http://www.w3.org/2001/XMLSchema-instance" xsi:noNamespaceSchemaLocation="https://maven.apache.org/surefire/maven-surefire-plugin/xsd/surefire-test-report.xsd" version="3.0.1" name="ca.yorku.cmg.lob.exchange.ExchangeTest" time="0.104" tests="1" errors="0" skipped="0" failures="1">
  <properties>
    <property name="java.specification.version" value="21"/>
    <property name="sun.cpu.isalist" value="amd64"/>
    <property name="sun.jnu.encoding" value="Cp1252"/>
    <property name="java.class.path" value="C:\Users\moham\OneDrive\Documents\GitHub\itec3030-a1-lob\target\test-classes;C:\Users\moham\OneDrive\Documents\GitHub\itec3030-a1-lob\target\classes;C:\Users\moham\.m2\repository\org\junit\jupiter\junit-jupiter-api\5.11.0\junit-jupiter-api-5.11.0.jar;C:\Users\moham\.m2\repository\org\opentest4j\opentest4j\1.3.0\opentest4j-1.3.0.jar;C:\Users\moham\.m2\repository\org\junit\platform\junit-platform-commons\1.11.0\junit-platform-commons-1.11.0.jar;C:\Users\moham\.m2\repository\org\apiguardian\apiguardian-api\1.1.2\apiguardian-api-1.1.2.jar;C:\Users\moham\.m2\repository\org\junit\jupiter\junit-jupiter-params\5.11.0\junit-jupiter-params-5.11.0.jar;C:\Users\moham\.m2\repository\org\junit\jupiter\junit-jupiter-engine\5.11.0\junit-jupiter-engine-5.11.0.jar;C:\Users\moham\.m2\repository\org\junit\platform\junit-platform-engine\1.11.0\junit-platform-engine-1.11.0.jar;C:\Users\moham\OneDrive\Documents\GitHub\itec3030-a1-lob\bin\lib\core-0.0.1-SNAPSHOT.jar;"/>
    <property name="java.vm.vendor" value="Oracle Corporation"/>
    <property name="sun.arch.data.model" value="64"/>
    <property name="user.variant" value=""/>
    <property name="java.vendor.url" value="https://java.oracle.com/"/>
    <property name="user.timezone" value="America/Toronto"/>
    <property name="os.name" value="Windows 11"/>
    <property name="java.vm.specification.version" value="21"/>
    <property name="sun.java.launcher" value="SUN_STANDARD"/>
    <property name="user.country" value="CA"/>
    <property name="sun.boot.library.path" value="C:\Program Files\Java\jdk-21\bin"/>
    <property name="sun.java.command" value="C:\Users\moham\AppData\Local\Temp\surefire6338153396704538725\surefirebooter-20250216223320987_3.jar C:\Users\moham\AppData\Local\Temp\surefire6338153396704538725 2025-02-16T22-33-20_861-jvmRun1 surefire-20250216223320987_1tmp surefire_0-20250216223320987_2tmp"/>
    <property name="jdk.debug" value="release"/>
    <property name="surefire.test.class.path" value="C:\Users\moham\OneDrive\Documents\GitHub\itec3030-a1-lob\target\test-classes;C:\Users\moham\OneDrive\Documents\GitHub\itec3030-a1-lob\target\classes;C:\Users\moham\.m2\repository\org\junit\jupiter\junit-jupiter-api\5.11.0\junit-jupiter-api-5.11.0.jar;C:\Users\moham\.m2\repository\org\opentest4j\opentest4j\1.3.0\opentest4j-1.3.0.jar;C:\Users\moham\.m2\repository\org\junit\platform\junit-platform-commons\1.11.0\junit-platform-commons-1.11.0.jar;C:\Users\moham\.m2\repository\org\apiguardian\apiguardian-api\1.1.2\apiguardian-api-1.1.2.jar;C:\Users\moham\.m2\repository\org\junit\jupiter\junit-jupiter-params\5.11.0\junit-jupiter-params-5.11.0.jar;C:\Users\moham\.m2\repository\org\junit\jupiter\junit-jupiter-engine\5.11.0\junit-jupiter-engine-5.11.0.jar;C:\Users\moham\.m2\repository\org\junit\platform\junit-platform-engine\1.11.0\junit-platform-engine-1.11.0.jar;C:\Users\moham\OneDrive\Documents\GitHub\itec3030-a1-lob\bin\lib\core-0.0.1-SNAPSHOT.jar;"/>
    <property name="sun.cpu.endian" value="little"/>
    <property name="user.home" value="C:\Users\moham"/>
    <property name="user.language" value="en"/>
    <property name="java.specification.vendor" value="Oracle Corporation"/>
    <property name="java.version.date" value="2024-04-16"/>
    <property name="java.home" value="C:\Program Files\Java\jdk-21"/>
    <property name="file.separator" value="\"/>
    <property name="basedir" value="C:\Users\moham\OneDrive\Documents\GitHub\itec3030-a1-lob"/>
    <property name="java.vm.compressedOopsMode" value="32-bit"/>
    <property name="line.separator" value="&#10;"/>
    <property name="java.vm.specification.vendor" value="Oracle Corporation"/>
    <property name="java.specification.name" value="Java Platform API Specification"/>
    <property name="surefire.real.class.path" value="C:\Users\moham\AppData\Local\Temp\surefire6338153396704538725\surefirebooter-20250216223320987_3.jar"/>
    <property name="user.script" value=""/>
    <property name="sun.management.compiler" value="HotSpot 64-Bit Tiered Compilers"/>
    <property name="java.runtime.version" value="21.0.3+7-LTS-152"/>
    <property name="user.name" value="moham"/>
    <property name="stdout.encoding" value="Cp1252"/>
    <property name="path.separator" value=";"/>
    <property name="os.version" value="10.0"/>
    <property name="java.runtime.name" value="Java(TM) SE Runtime Environment"/>
    <property name="file.encoding" value="UTF-8"/>
    <property name="java.vm.name" value="Java HotSpot(TM) 64-Bit Server VM"/>
    <property name="localRepository" value="C:\Users\moham\.m2\repository"/>
    <property name="java.vendor.url.bug" value="https://bugreport.java.com/bugreport/"/>
    <property name="java.io.tmpdir" value="C:\Users\moham\AppData\Local\Temp\"/>
    <property name="java.version" value="21.0.3"/>
    <property name="user.dir" value="C:\Users\moham\OneDrive\Documents\GitHub\itec3030-a1-lob"/>
    <property name="os.arch" value="amd64"/>
    <property name="java.vm.specification.name" value="Java Virtual Machine Specification"/>
    <property name="sun.os.patch.level" value=""/>
    <property name="native.encoding" value="Cp1252"/>
    <property name="java.library.path" value="C:\Program Files\Java\jdk-21\bin;C:\WINDOWS\Sun\Java\bin;C:\WINDOWS\system32;C:\WINDOWS;C:\Program Files\Common Files\Oracle\Java\javapath;C:\Program Files (x86)\Common Files\Oracle\Java\java8path;C:\Program Files (x86)\Common Files\Oracle\Java\javapath;C:\Windows\system32;C:\Windows;C:\Windows\System32\Wbem;C:\Windows\System32\WindowsPowerShell\v1.0\;C:\Windows\System32\OpenSSH\;C:\Program Files (x86)\NVIDIA Corporation\PhysX\Common;C:\Program Files\NVIDIA Corporation\NVIDIA NvDLISR;C:\Program Files\dotnet\;C:\Program Files\Git\cmd;C:\Program Files\GitHub CLI\;C:\Program Files (x86)\Windows Kits\10\Windows Performance Toolkit\;C:\Program Files\MATLAB\R2024b\bin;C:\WINDOWS\system32;C:\WINDOWS;C:\WINDOWS\System32\Wbem;C:\WINDOWS\System32\WindowsPowerShell\v1.0\;C:\WINDOWS\System32\OpenSSH\;C:\Program Files\Java\jdk-21\bin;C:\Program Files\Java\jdk-21\bin;C:\Program Files\Java\Maven\bin;C:\Users\moham\AppData\Local\Microsoft\WindowsApps;C:\Users\moham\AppData\Local\Programs\Microsoft VS Code\bin;C:\Users\moham\AppData\Local\GitHubDesktop\bin;C:\Program Files\JetBrains\IntelliJ IDEA 2024.3.2.1\bin;;;."/>
    <property name="java.vm.info" value="mixed mode, sharing"/>
    <property name="stderr.encoding" value="Cp1252"/>
    <property name="java.vendor" value="Oracle Corporation"/>
    <property name="java.vm.version" value="21.0.3+7-LTS-152"/>
    <property name="sun.io.unicode.encoding" value="UnicodeLittle"/>
    <property name="java.class.version" value="65.0"/>
  </properties>
  <testcase name="testSubmitOrder" classname="ca.yorku.cmg.lob.exchange.ExchangeTest" time="0.077">
    <failure message="expected: &lt;&gt; but was: &lt;[  3  MSFT   880.77        14       230     23]&#10;[  7  MSFT   914.54        27      1250    125]&#10;[  8  GOOG   249.41        23       870     87]&#10;[  6  GOOG   253.95        19       290     29]&#10;[  4  GOOG   267.21        21      1090    109]&#10;[  3  GOOG   278.70         5       160     16]&#10;[  7  GOOG   351.53        49       450     45]&#10;[  2  GOOG   455.82        20       470     47]&#10;[  4  META  1011.28        26       960     96]&#10;[  1  META  1061.73        26       500     50]&#10;[  2  META  1070.07        45       350     35]&#10;[  5  META  1074.56        20       840     84]&#10;[  4  NVDA   187.27        36      1230    123]&#10;[  1  NVDA   200.80        13      1150    115]&#10;[  8  NVDA   265.12         1       340     34]&#10;[  2  NVDA   287.82        27      1220    122]&#10;[  2  AAPL   273.57        14      1040    104]&#10;[  5  AAPL   458.30        47      1120    112]&#10;[  6  AAPL   464.60        10       900     90]&#10;[  8  AAPL   496.14        49       540     54]&#10;[  7  AAPL   555.54        18       330     33]&#10;[  7  TSLA   657.61        27      1190    119]&#10;[  3  TSLA   722.30        38        30      3]&#10;[  7  AVGO   435.33        18      1110    111]&#10;[  5  AMZN   335.44         7      1130    113]&#10;[  3  AMZN   443.67        47       790     79]&#10;&gt;" type="org.opentest4j.AssertionFailedError"><![CDATA[org.opentest4j.AssertionFailedError: 
expected: <> but was: <[  3  MSFT   880.77        14       230     23]
[  7  MSFT   914.54        27      1250    125]
[  8  GOOG   249.41        23       870     87]
[  6  GOOG   253.95        19       290     29]
[  4  GOOG   267.21        21      1090    109]
[  3  GOOG   278.70         5       160     16]
[  7  GOOG   351.53        49       450     45]
[  2  GOOG   455.82        20       470     47]
[  4  META  1011.28        26       960     96]
[  1  META  1061.73        26       500     50]
[  2  META  1070.07        45       350     35]
[  5  META  1074.56        20       840     84]
[  4  NVDA   187.27        36      1230    123]
[  1  NVDA   200.80        13      1150    115]
[  8  NVDA   265.12         1       340     34]
[  2  NVDA   287.82        27      1220    122]
[  2  AAPL   273.57        14      1040    104]
[  5  AAPL   458.30        47      1120    112]
[  6  AAPL   464.60        10       900     90]
[  8  AAPL   496.14        49       540     54]
[  7  AAPL   555.54        18       330     33]
[  7  TSLA   657.61        27      1190    119]
[  3  TSLA   722.30        38        30      3]
[  7  AVGO   435.33        18      1110    111]
[  5  AMZN   335.44         7      1130    113]
[  3  AMZN   443.67        47       790     79]
>
	at org.junit.jupiter.api.AssertionFailureBuilder.build(AssertionFailureBuilder.java:151)
	at org.junit.jupiter.api.AssertionFailureBuilder.buildAndThrow(AssertionFailureBuilder.java:132)
	at org.junit.jupiter.api.AssertEquals.failNotEqual(AssertEquals.java:197)
	at org.junit.jupiter.api.AssertEquals.assertEquals(AssertEquals.java:182)
	at org.junit.jupiter.api.AssertEquals.assertEquals(AssertEquals.java:177)
	at org.junit.jupiter.api.Assertions.assertEquals(Assertions.java:1145)
	at ca.yorku.cmg.lob.exchange.ExchangeTest.testSubmitOrder(ExchangeTest.java:59)
	at java.base/java.lang.reflect.Method.invoke(Method.java:580)
	at java.base/java.util.ArrayList.forEach(ArrayList.java:1596)
	at java.base/java.util.ArrayList.forEach(ArrayList.java:1596)
]]></failure>
    <system-out><![CDATA[Submitting Order: [  4  AVGO   183.79        28        10      1]
Order accepted: [  4  AVGO   183.79        28        10      1]
Order Validated: [  4  AVGO   183.79        28        10      1]
No trades executed for order: [  4  AVGO   183.79        28        10      1]
Submitting Order: [  2  AMZN   277.85        13        20      2]
Order Rejected: [  2  AMZN   277.85        13        20      2]
Submitting Order: [  3  TSLA   722.30        38        30      3]
Order Rejected: [  3  TSLA   722.30        38        30      3]
Submitting Order: [  4  AAPL   283.63        11        40      4]
Order accepted: [  4  AAPL   283.63        11        40      4]
Order Validated: [  4  AAPL   283.63        11        40      4]
No trades executed for order: [  4  AAPL   283.63        11        40      4]
Submitting Order: [  8  GOOG    71.85        25        50      5]
Order accepted: [  8  GOOG    71.85        25        50      5]
Order Validated: [  8  GOOG    71.85        25        50      5]
No trades executed for order: [  8  GOOG    71.85        25        50      5]
Submitting Order: [  4  TSLA   628.59        27        60      6]
Order accepted: [  4  TSLA   628.59        27        60      6]
Order Validated: [  4  TSLA   628.59        27        60      6]
No trades executed for order: [  4  TSLA   628.59        27        60      6]
Submitting Order: [  5  GOOG   281.48        34        70      7]
Order Rejected: [  5  GOOG   281.48        34        70      7]
Submitting Order: [  2  GOOG   454.99        40        80      8]
Order accepted: [  2  GOOG   454.99        40        80      8]
Order Validated: [  2  GOOG   454.99        40        80      8]
No trades executed for order: [  2  GOOG   454.99        40        80      8]
Submitting Order: [  1  MSFT   745.05        23        90      9]
Order accepted: [  1  MSFT   745.05        23        90      9]
Order Validated: [  1  MSFT   745.05        23        90      9]
No trades executed for order: [  1  MSFT   745.05        23        90      9]
Submitting Order: [  7  META   448.90        14       100     10]
Order accepted: [  7  META   448.90        14       100     10]
Order Validated: [  7  META   448.90        14       100     10]
No trades executed for order: [  7  META   448.90        14       100     10]
Submitting Order: [  2  AMZN   276.86        27       110     11]
Order accepted: [  2  AMZN   276.86        27       110     11]
Order Validated: [  2  AMZN   276.86        27       110     11]
No trades executed for order: [  2  AMZN   276.86        27       110     11]
Submitting Order: [  6  NVDA   169.33        50       120     12]
Order accepted: [  6  NVDA   169.33        50       120     12]
Order Validated: [  6  NVDA   169.33        50       120     12]
No trades executed for order: [  6  NVDA   169.33        50       120     12]
Submitting Order: [  4  AVGO   186.06        10       130     13]
Order Rejected: [  4  AVGO   186.06        10       130     13]
Submitting Order: [  4  TSLA   669.63        12       140     14]
Order Rejected: [  4  TSLA   669.63        12       140     14]
Submitting Order: [  6  META   776.36        22       150     15]
Order Rejected: [  6  META   776.36        22       150     15]
Submitting Order: [  3  GOOG   278.70        11       160     16]
Order Rejected: [  3  GOOG   278.70        11       160     16]
Submitting Order: [  4  NVDA   174.92        11       170     17]
Order accepted: [  4  NVDA   174.92        11       170     17]
Order Validated: [  4  NVDA   174.92        11       170     17]
No trades executed for order: [  4  NVDA   174.92        11       170     17]
Submitting Order: [  6  MSFT   665.95        28       180     18]
Order Rejected: [  6  MSFT   665.95        28       180     18]
Submitting Order: [  7  NVDA   113.68        11       190     19]
Order Rejected: [  7  NVDA   113.68        11       190     19]
Submitting Order: [  6  NVDA   169.38        37       200     20]
Order Rejected: [  6  NVDA   169.38        37       200     20]
Submitting Order: [  3  NVDA    78.70        22       210     21]
Order accepted: [  3  NVDA    78.70        22       210     21]
Order Validated: [  3  NVDA    78.70        22       210     21]
No trades executed for order: [  3  NVDA    78.70        22       210     21]
Submitting Order: [  1  AAPL   244.44        36       220     22]
Order accepted: [  1  AAPL   244.44        36       220     22]
Order Validated: [  1  AAPL   244.44        36       220     22]
No trades executed for order: [  1  AAPL   244.44        36       220     22]
Submitting Order: [  3  MSFT   880.77        32       230     23]
Order Rejected: [  3  MSFT   880.77        32       230     23]
Submitting Order: [  5  META  1072.90        27       240     24]
Order Rejected: [  5  META  1072.90        27       240     24]
Submitting Order: [  1  AVGO   410.80        27       250     25]
Order accepted: [  1  AVGO   410.80        27       250     25]
Order Validated: [  1  AVGO   410.80        27       250     25]
No trades executed for order: [  1  AVGO   410.80        27       250     25]
Submitting Order: [  2  AVGO   270.21        14       260     26]
Order accepted: [  2  AVGO   270.21        14       260     26]
Order Validated: [  2  AVGO   270.21        14       260     26]
No trades executed for order: [  2  AVGO   270.21        14       260     26]
Submitting Order: [  5  NVDA    86.45        39       270     27]
Order accepted: [  5  NVDA    86.45        39       270     27]
Order Validated: [  5  NVDA    86.45        39       270     27]
No trades executed for order: [  5  NVDA    86.45        39       270     27]
Submitting Order: [  8  AVGO   333.24        46       280     28]
Order accepted: [  8  AVGO   333.24        46       280     28]
Order Validated: [  8  AVGO   333.24        46       280     28]
No trades executed for order: [  8  AVGO   333.24        46       280     28]
Submitting Order: [  6  GOOG   253.95        45       290     29]
Order Rejected: [  6  GOOG   253.95        45       290     29]
Submitting Order: [  7  AVGO   435.30        49       300     30]
Order accepted: [  7  AVGO   435.30        49       300     30]
Order Validated: [  7  AVGO   435.30        49       300     30]
No trades executed for order: [  7  AVGO   435.30        49       300     30]
Submitting Order: [  7  META   712.47        31       310     31]
Order Rejected: [  7  META   712.47        31       310     31]
Submitting Order: [  3  AAPL   192.53        25       320     32]
Order accepted: [  3  AAPL   192.53        25       320     32]
Order Validated: [  3  AAPL   192.53        25       320     32]
No trades executed for order: [  3  AAPL   192.53        25       320     32]
Submitting Order: [  7  AAPL   555.54        18       330     33]
Order Rejected: [  7  AAPL   555.54        18       330     33]
Submitting Order: [  8  NVDA   265.12        48       340     34]
Order Rejected: [  8  NVDA   265.12        48       340     34]
Submitting Order: [  2  META  1070.07        45       350     35]
Order Rejected: [  2  META  1070.07        45       350     35]
Submitting Order: [  6  AMZN   303.42        26       360     36]
Order Rejected: [  6  AMZN   303.42        26       360     36]
Submitting Order: [  4  GOOG   127.35        43       370     37]
Order accepted: [  4  GOOG   127.35        43       370     37]
Order Validated: [  4  GOOG   127.35        43       370     37]
No trades executed for order: [  4  GOOG   127.35        43       370     37]
Submitting Order: [  8  AMZN   283.60        17       380     38]
Order Rejected: [  8  AMZN   283.60        17       380     38]
Submitting Order: [  6  TSLA   553.67        15       390     39]
Order accepted: [  6  TSLA   553.67        15       390     39]
Order Validated: [  6  TSLA   553.67        15       390     39]
No trades executed for order: [  6  TSLA   553.67        15       390     39]
Submitting Order: [  8  MSFT   632.54        38       400     40]
Order accepted: [  8  MSFT   632.54        38       400     40]
Order Validated: [  8  MSFT   632.54        38       400     40]
No trades executed for order: [  8  MSFT   632.54        38       400     40]
Submitting Order: [  2  TSLA   527.13        33       410     41]
Order Rejected: [  2  TSLA   527.13        33       410     41]
Submitting Order: [  6  MSFT   540.96        34       420     42]
Order accepted: [  6  MSFT   540.96        34       420     42]
Order Validated: [  6  MSFT   540.96        34       420     42]
No trades executed for order: [  6  MSFT   540.96        34       420     42]
Submitting Order: [  4  AAPL   283.66        39       430     43]
Order Rejected: [  4  AAPL   283.66        39       430     43]
Submitting Order: [  2  MSFT   488.49        22       440     44]
Order Rejected: [  2  MSFT   488.49        22       440     44]
Submitting Order: [  7  GOOG   351.53        49       450     45]
Order Rejected: [  7  GOOG   351.53        49       450     45]
Submitting Order: [  5  GOOG   281.48        26       460     46]
Order Rejected: [  5  GOOG   281.48        26       460     46]
Submitting Order: [  2  GOOG   455.82        20       470     47]
Order Rejected: [  2  GOOG   455.82        20       470     47]
Submitting Order: [  3  AAPL   361.50        39       480     48]
Order Rejected: [  3  AAPL   361.50        39       480     48]
Submitting Order: [  8  TSLA   646.84        50       490     49]
Order accepted: [  8  TSLA   646.84        50       490     49]
Order Validated: [  8  TSLA   646.84        50       490     49]
No trades executed for order: [  8  TSLA   646.84        50       490     49]
Submitting Order: [  1  META  1061.73        26       500     50]
Order Rejected: [  1  META  1061.73        26       500     50]
Submitting Order: [  3  GOOG   133.20        31       510     51]
Order accepted: [  3  GOOG   133.20        31       510     51]
Order Validated: [  3  GOOG   133.20        31       510     51]
No trades executed for order: [  3  GOOG   133.20        31       510     51]
Submitting Order: [  5  MSFT   425.86        41       520     52]
Order Rejected: [  5  MSFT   425.86        41       520     52]
Submitting Order: [  3  AVGO   285.55        50       530     53]
Order accepted: [  3  AVGO   285.55        50       530     53]
Order Validated: [  3  AVGO   285.55        50       530     53]
No trades executed for order: [  3  AVGO   285.55        50       530     53]
Submitting Order: [  8  AAPL   496.14        49       540     54]
Order Rejected: [  8  AAPL   496.14        49       540     54]
Submitting Order: [  3  TSLA   721.24        25       550     55]
Order accepted: [  3  TSLA   721.24        25       550     55]
Order Validated: [  3  TSLA   721.24        25       550     55]
No trades executed for order: [  3  TSLA   721.24        25       550     55]
Submitting Order: [  6  AMZN    94.20        37       560     56]
Order accepted: [  6  AMZN    94.20        37       560     56]
Order Validated: [  6  AMZN    94.20        37       560     56]
No trades executed for order: [  6  AMZN    94.20        37       560     56]
Submitting Order: [  5  MSFT   420.79        42       570     57]
Order Rejected: [  5  MSFT   420.79        42       570     57]
Submitting Order: [  1  NVDA   195.27        34       580     58]
Order accepted: [  1  NVDA   195.27        34       580     58]
Order Validated: [  1  NVDA   195.27        34       580     58]
No trades executed for order: [  1  NVDA   195.27        34       580     58]
Submitting Order: [  4  AMZN   286.99        42       590     59]
Order accepted: [  4  AMZN   286.99        42       590     59]
Order Validated: [  4  AMZN   286.99        42       590     59]
No trades executed for order: [  4  AMZN   286.99        42       590     59]
Submitting Order: [  6  GOOG   248.80        16       600     60]
Order accepted: [  6  GOOG   248.80        16       600     60]
Order Validated: [  6  GOOG   248.80        16       600     60]
No trades executed for order: [  6  GOOG   248.80        16       600     60]
Submitting Order: [  8  META   490.03        16       610     61]
Order accepted: [  8  META   490.03        16       610     61]
Order Validated: [  8  META   490.03        16       610     61]
No trades executed for order: [  8  META   490.03        16       610     61]
Submitting Order: [  3  META   693.55        29       620     62]
Order Rejected: [  3  META   693.55        29       620     62]
Submitting Order: [  6  TSLA   553.72        31       630     63]
Order Rejected: [  6  TSLA   553.72        31       630     63]
Submitting Order: [  5  AAPL   457.72        36       640     64]
Order Rejected: [  5  AAPL   457.72        36       640     64]
Submitting Order: [  7  AAPL   554.97        34       650     65]
Order accepted: [  7  AAPL   554.97        34       650     65]
Order Validated: [  7  AAPL   554.97        34       650     65]
No trades executed for order: [  7  AAPL   554.97        34       650     65]
Submitting Order: [  1  GOOG   228.01        18       660     66]
Order Rejected: [  1  GOOG   228.01        18       660     66]
Submitting Order: [  5  TSLA   508.21        48       670     67]
Order Rejected: [  5  TSLA   508.21        48       670     67]
Submitting Order: [  5  TSLA   334.52        21       680     68]
Order Rejected: [  5  TSLA   334.52        21       680     68]
Submitting Order: [  1  TSLA   281.15        28       690     69]
Order accepted: [  1  TSLA   281.15        28       690     69]
Order Validated: [  1  TSLA   281.15        28       690     69]
No trades executed for order: [  1  TSLA   281.15        28       690     69]
Submitting Order: [  8  META   671.16        24       700     70]
Order Rejected: [  8  META   671.16        24       700     70]
Submitting Order: [  3  MSFT   880.59        47       710     71]
Order accepted: [  3  MSFT   880.59        47       710     71]
Order Validated: [  3  MSFT   880.59        47       710     71]
No trades executed for order: [  3  MSFT   880.59        47       710     71]
Submitting Order: [  8  MSFT   642.54        31       720     72]
Order Rejected: [  8  MSFT   642.54        31       720     72]
Submitting Order: [  2  NVDA   287.82        50       730     73]
Order accepted: [  2  NVDA   287.82        50       730     73]
Order Validated: [  2  NVDA   287.82        50       730     73]
No trades executed for order: [  2  NVDA   287.82        50       730     73]
Submitting Order: [  5  NVDA    90.44        32       740     74]
Order Rejected: [  5  NVDA    90.44        32       740     74]
Submitting Order: [  3  AMZN   430.10        18       750     75]
Order accepted: [  3  AMZN   430.10        18       750     75]
Order Validated: [  3  AMZN   430.10        18       750     75]
No trades executed for order: [  3  AMZN   430.10        18       750     75]
Submitting Order: [  6  AAPL   463.93        25       760     76]
Order accepted: [  6  AAPL   463.93        25       760     76]
Order Validated: [  6  AAPL   463.93        25       760     76]
No trades executed for order: [  6  AAPL   463.93        25       760     76]
Submitting Order: [  8  AMZN   259.95        19       770     77]
Order accepted: [  8  AMZN   259.95        19       770     77]
Order Validated: [  8  AMZN   259.95        19       770     77]
No trades executed for order: [  8  AMZN   259.95        19       770     77]
Submitting Order: [  1  AAPL   263.94        21       780     78]
Order Rejected: [  1  AAPL   263.94        21       780     78]
Submitting Order: [  3  AMZN   443.67        47       790     79]
Order Rejected: [  3  AMZN   443.67        47       790     79]
Submitting Order: [  1  AVGO   414.07        24       800     80]
Order Rejected: [  1  AVGO   414.07        24       800     80]
Submitting Order: [  8  TSLA   646.84        20       810     81]
Order Rejected: [  8  TSLA   646.84        20       810     81]
Submitting Order: [  4  AMZN   295.78        17       820     82]
Order Rejected: [  4  AMZN   295.78        17       820     82]
Submitting Order: [  4  META   648.55        12       830     83]
Order accepted: [  4  META   648.55        12       830     83]
Order Validated: [  4  META   648.55        12       830     83]
No trades executed for order: [  4  META   648.55        12       830     83]
Submitting Order: [  5  META  1074.56        20       840     84]
Order Rejected: [  5  META  1074.56        20       840     84]
Submitting Order: [  3  NVDA   212.34        31       850     85]
Order Rejected: [  3  NVDA   212.34        31       850     85]
Submitting Order: [  4  MSFT   476.85        29       860     86]
Order Rejected: [  4  MSFT   476.85        29       860     86]
Submitting Order: [  8  GOOG   249.41        23       870     87]
Order Rejected: [  8  GOOG   249.41        23       870     87]
Submitting Order: [  5  AVGO   229.30        28       880     88]
Order Rejected: [  5  AVGO   229.30        28       880     88]
Submitting Order: [  7  NVDA   112.39        12       890     89]
Order accepted: [  7  NVDA   112.39        12       890     89]
Order Validated: [  7  NVDA   112.39        12       890     89]
No trades executed for order: [  7  NVDA   112.39        12       890     89]
Submitting Order: [  6  AAPL   464.60        37       900     90]
Order Rejected: [  6  AAPL   464.60        37       900     90]
Submitting Order: [  6  AVGO   350.71        11       910     91]
Order Rejected: [  6  AVGO   350.71        11       910     91]
Submitting Order: [  8  AVGO   333.70        28       920     92]
Order Rejected: [  8  AVGO   333.70        28       920     92]
Submitting Order: [  2  META   989.06        38       930     93]
Order accepted: [  2  META   989.06        38       930     93]
Order Validated: [  2  META   989.06        38       930     93]
No trades executed for order: [  2  META   989.06        38       930     93]
Submitting Order: [  1  TSLA   281.15        25       940     94]
Order Rejected: [  1  TSLA   281.15        25       940     94]
Submitting Order: [  6  AVGO   331.80        21       950     95]
Order accepted: [  6  AVGO   331.80        21       950     95]
Order Validated: [  6  AVGO   331.80        21       950     95]
No trades executed for order: [  6  AVGO   331.80        21       950     95]
Submitting Order: [  4  META  1011.28        29       960     96]
Order Rejected: [  4  META  1011.28        29       960     96]
Submitting Order: [  3  META   692.55        14       970     97]
Order accepted: [  3  META   692.55        14       970     97]
Order Validated: [  3  META   692.55        14       970     97]
No trades executed for order: [  3  META   692.55        14       970     97]
Submitting Order: [  7  GOOG   128.20        11       980     98]
Order accepted: [  7  GOOG   128.20        11       980     98]
Order Validated: [  7  GOOG   128.20        11       980     98]
No trades executed for order: [  7  GOOG   128.20        11       980     98]
Submitting Order: [  4  MSFT   476.22        11       990     99]
Order accepted: [  4  MSFT   476.22        11       990     99]
Order Validated: [  4  MSFT   476.22        11       990     99]
No trades executed for order: [  4  MSFT   476.22        11       990     99]
Submitting Order: [  8  AAPL   496.14        27      1000    100]
Order accepted: [  8  AAPL   496.14        27      1000    100]
Order Validated: [  8  AAPL   496.14        27      1000    100]
No trades executed for order: [  8  AAPL   496.14        27      1000    100]
Submitting Order: [  1  AMZN   279.87        23      1010    101]
Order Rejected: [  1  AMZN   279.87        23      1010    101]
Submitting Order: [  3  AVGO   292.86        26      1020    102]
Order Rejected: [  3  AVGO   292.86        26      1020    102]
Submitting Order: [  7  TSLA   657.61        45      1030    103]
Order accepted: [  7  TSLA   657.61        45      1030    103]
Order Validated: [  7  TSLA   657.61        45      1030    103]
No trades executed for order: [  7  TSLA   657.61        45      1030    103]
Submitting Order: [  2  AAPL   273.57        21      1040    104]
Order Rejected: [  2  AAPL   273.57        21      1040    104]
Submitting Order: [  1  MSFT   745.05        21      1050    105]
Order Rejected: [  1  MSFT   745.05        21      1050    105]
Submitting Order: [  8  NVDA   255.65        50      1060    106]
Order accepted: [  8  NVDA   255.65        50      1060    106]
Order Validated: [  8  NVDA   255.65        50      1060    106]
No trades executed for order: [  8  NVDA   255.65        50      1060    106]
Submitting Order: [  5  AVGO   229.30        34      1070    107]
Order Rejected: [  5  AVGO   229.30        34      1070    107]
Submitting Order: [  2  MSFT   488.49        22      1080    108]
Order accepted: [  2  MSFT   488.49        22      1080    108]
Order Validated: [  2  MSFT   488.49        22      1080    108]
No trades executed for order: [  2  MSFT   488.49        22      1080    108]
Submitting Order: [  4  GOOG   267.21        21      1090    109]
Order Rejected: [  4  GOOG   267.21        21      1090    109]
Submitting Order: [  6  META   743.61        44      1100    110]
Order accepted: [  6  META   743.61        44      1100    110]
Order Validated: [  6  META   743.61        44      1100    110]
No trades executed for order: [  6  META   743.61        44      1100    110]
Submitting Order: [  7  AVGO   435.33        18      1110    111]
Order Rejected: [  7  AVGO   435.33        18      1110    111]
Submitting Order: [  5  AAPL   458.30        47      1120    112]
Order Rejected: [  5  AAPL   458.30        47      1120    112]
Submitting Order: [  5  AMZN   335.44        19      1130    113]
Order Rejected: [  5  AMZN   335.44        19      1130    113]
Submitting Order: [  7  AMZN   221.60        11      1140    114]
Order accepted: [  7  AMZN   221.60        11      1140    114]
Order Validated: [  7  AMZN   221.60        11      1140    114]
No trades executed for order: [  7  AMZN   221.60        11      1140    114]
Submitting Order: [  1  NVDA   200.80        32      1150    115]
Order Rejected: [  1  NVDA   200.80        32      1150    115]
Submitting Order: [  1  AMZN   279.86        43      1160    116]
Order accepted: [  1  AMZN   279.86        43      1160    116]
Order Validated: [  1  AMZN   279.86        43      1160    116]
No trades executed for order: [  1  AMZN   279.86        43      1160    116]
Submitting Order: [  7  MSFT   914.54        39      1170    117]
Order accepted: [  7  MSFT   914.54        39      1170    117]
Order Validated: [  7  MSFT   914.54        39      1170    117]
No trades executed for order: [  7  MSFT   914.54        39      1170    117]
Submitting Order: [  1  META  1061.62        27      1180    118]
Order accepted: [  1  META  1061.62        27      1180    118]
Order Validated: [  1  META  1061.62        27      1180    118]
No trades executed for order: [  1  META  1061.62        27      1180    118]
Submitting Order: [  7  TSLA   657.61        45      1190    119]
Order Rejected: [  7  TSLA   657.61        45      1190    119]
Submitting Order: [  1  GOOG   228.01        48      1200    120]
Order accepted: [  1  GOOG   228.01        48      1200    120]
Order Validated: [  1  GOOG   228.01        48      1200    120]
No trades executed for order: [  1  GOOG   228.01        48      1200    120]
Submitting Order: [  7  AMZN   221.60        44      1210    121]
Order Rejected: [  7  AMZN   221.60        44      1210    121]
Submitting Order: [  2  NVDA   287.82        27      1220    122]
Order Rejected: [  2  NVDA   287.82        27      1220    122]
Submitting Order: [  4  NVDA   187.27        36      1230    123]
Order Rejected: [  4  NVDA   187.27        36      1230    123]
Submitting Order: [  5  AMZN   335.44        48      1240    124]
Order Rejected: [  5  AMZN   335.44        48      1240    124]
Submitting Order: [  7  MSFT   914.54        27      1250    125]
Order Rejected: [  7  MSFT   914.54        27      1250    125]
Submitting Order: [  2  TSLA   527.12        47      1260    126]
Order accepted: [  2  TSLA   527.12        47      1260    126]
Order Validated: [  2  TSLA   527.12        47      1260    126]
No trades executed for order: [  2  TSLA   527.12        47      1260    126]
Submitting Order: [  2  AVGO   270.21        26      1270    127]
Order Rejected: [  2  AVGO   270.21        26      1270    127]
Submitting Order: [  2  AAPL   273.17        44      1280    128]
Order accepted: [  2  AAPL   273.17        44      1280    128]
Order Validated: [  2  AAPL   273.17        44      1280    128]
No trades executed for order: [  2  AAPL   273.17        44      1280    128]
]]></system-out>
    <system-err><![CDATA[Order rejected: Seller does not have enough shares [  2  AMZN   277.85        13        20      2]
Order rejected: Seller does not have enough shares [  3  TSLA   722.30        38        30      3]
Order rejected: Seller does not have enough shares [  5  GOOG   281.48        34        70      7]
Order rejected: Seller does not have enough shares [  4  AVGO   186.06        10       130     13]
Order rejected: Seller does not have enough shares [  4  TSLA   669.63        12       140     14]
Order rejected: Seller does not have enough shares [  6  META   776.36        22       150     15]
Order rejected: Seller does not have enough shares [  3  GOOG   278.70        11       160     16]
Order rejected: Seller does not have enough shares [  6  MSFT   665.95        28       180     18]
Order rejected: Seller does not have enough shares [  7  NVDA   113.68        11       190     19]
Order rejected: Seller does not have enough shares [  6  NVDA   169.38        37       200     20]
Order rejected: Seller does not have enough shares [  3  MSFT   880.77        32       230     23]
Order rejected: Buyer does not have enough balance [  5  META  1072.90        27       240     24]
Order rejected: Seller does not have enough shares [  6  GOOG   253.95        45       290     29]
Order rejected: Seller does not have enough shares [  7  META   712.47        31       310     31]
Order rejected: Seller does not have enough shares [  7  AAPL   555.54        18       330     33]
Order rejected: Seller does not have enough shares [  8  NVDA   265.12        48       340     34]
Order rejected: Seller does not have enough shares [  2  META  1070.07        45       350     35]
Order rejected: Seller does not have enough shares [  6  AMZN   303.42        26       360     36]
Order rejected: Seller does not have enough shares [  8  AMZN   283.60        17       380     38]
Order rejected: Seller does not have enough shares [  2  TSLA   527.13        33       410     41]
Order rejected: Seller does not have enough shares [  4  AAPL   283.66        39       430     43]
Order rejected: Seller does not have enough shares [  2  MSFT   488.49        22       440     44]
Order rejected: Seller does not have enough shares [  7  GOOG   351.53        49       450     45]
Order rejected: Buyer does not have enough balance [  5  GOOG   281.48        26       460     46]
Order rejected: Seller does not have enough shares [  2  GOOG   455.82        20       470     47]
Order rejected: Seller does not have enough shares [  3  AAPL   361.50        39       480     48]
Order rejected: Seller does not have enough shares [  1  META  1061.73        26       500     50]
Order rejected: Seller does not have enough shares [  5  MSFT   425.86        41       520     52]
Order rejected: Seller does not have enough shares [  8  AAPL   496.14        49       540     54]
Order rejected: Buyer does not have enough balance [  5  MSFT   420.79        42       570     57]
Order rejected: Seller does not have enough shares [  3  META   693.55        29       620     62]
Order rejected: Seller does not have enough shares [  6  TSLA   553.72        31       630     63]
Order rejected: Buyer does not have enough balance [  5  AAPL   457.72        36       640     64]
Order rejected: Seller does not have enough shares [  1  GOOG   228.01        18       660     66]
Order rejected: Seller does not have enough shares [  5  TSLA   508.21        48       670     67]
Order rejected: Buyer does not have enough balance [  5  TSLA   334.52        21       680     68]
Order rejected: Seller does not have enough shares [  8  META   671.16        24       700     70]
Order rejected: Seller does not have enough shares [  8  MSFT   642.54        31       720     72]
Order rejected: Seller does not have enough shares [  5  NVDA    90.44        32       740     74]
Order rejected: Seller does not have enough shares [  1  AAPL   263.94        21       780     78]
Order rejected: Seller does not have enough shares [  3  AMZN   443.67        47       790     79]
Order rejected: Seller does not have enough shares [  1  AVGO   414.07        24       800     80]
Order rejected: Seller does not have enough shares [  8  TSLA   646.84        20       810     81]
Order rejected: Seller does not have enough shares [  4  AMZN   295.78        17       820     82]
Order rejected: Seller does not have enough shares [  5  META  1074.56        20       840     84]
Order rejected: Seller does not have enough shares [  3  NVDA   212.34        31       850     85]
Order rejected: Seller does not have enough shares [  4  MSFT   476.85        29       860     86]
Order rejected: Seller does not have enough shares [  8  GOOG   249.41        23       870     87]
Order rejected: Buyer does not have enough balance [  5  AVGO   229.30        28       880     88]
Order rejected: Seller does not have enough shares [  6  AAPL   464.60        37       900     90]
Order rejected: Seller does not have enough shares [  6  AVGO   350.71        11       910     91]
Order rejected: Seller does not have enough shares [  8  AVGO   333.70        28       920     92]
Order rejected: Seller does not have enough shares [  1  TSLA   281.15        25       940     94]
Order rejected: Seller does not have enough shares [  4  META  1011.28        29       960     96]
Order rejected: Seller does not have enough shares [  1  AMZN   279.87        23      1010    101]
Order rejected: Seller does not have enough shares [  3  AVGO   292.86        26      1020    102]
Order rejected: Seller does not have enough shares [  2  AAPL   273.57        21      1040    104]
Order rejected: Seller does not have enough shares [  1  MSFT   745.05        21      1050    105]
Order rejected: Seller does not have enough shares [  5  AVGO   229.30        34      1070    107]
Order rejected: Seller does not have enough shares [  4  GOOG   267.21        21      1090    109]
Order rejected: Seller does not have enough shares [  7  AVGO   435.33        18      1110    111]
Order rejected: Seller does not have enough shares [  5  AAPL   458.30        47      1120    112]
Order rejected: Seller does not have enough shares [  5  AMZN   335.44        19      1130    113]
Order rejected: Seller does not have enough shares [  1  NVDA   200.80        32      1150    115]
Order rejected: Seller does not have enough shares [  7  TSLA   657.61        45      1190    119]
Order rejected: Seller does not have enough shares [  7  AMZN   221.60        44      1210    121]
Order rejected: Seller does not have enough shares [  2  NVDA   287.82        27      1220    122]
Order rejected: Seller does not have enough shares [  4  NVDA   187.27        36      1230    123]
Order rejected: Buyer does not have enough balance [  5  AMZN   335.44        48      1240    124]
Order rejected: Seller does not have enough shares [  7  MSFT   914.54        27      1250    125]
Order rejected: Seller does not have enough shares [  2  AVGO   270.21        26      1270    127]
]]></system-err>
  </testcase>
</testsuite>